<?xml version="1.0" encoding="UTF-8"?>
<!-- Generated by org.testng.reporters.JUnitReportReporter -->
<testsuite hostname="suryabhan-Vostro-3900" failures="0" tests="1" name="flightbooking.TripTest" time="65.220" errors="0" timestamp="2021-12-07T16:32:15 IST" skipped="0">
  <testcase classname="flightbooking.TripTest" name="verifyflightdetail" time="65.220"/>
  <system-out/>
</testsuite> <!-- flightbooking.TripTest -->
