<?xml version="1.0" encoding="UTF-8"?>
<!-- Generated by org.testng.reporters.JUnitReportReporter -->
<testsuite hostname="suryabhan-Vostro-3900" failures="0" tests="1" name="SearchFlipkart" time="16.697" errors="0" timestamp="2021-12-10T17:02:04 IST" skipped="0">
  <testcase classname="SearchFlipkart" name="Search" time="16.697"/>
  <system-out/>
</testsuite> <!-- SearchFlipkart -->
