<?xml version="1.0" encoding="UTF-8"?>
<!-- Generated by org.testng.reporters.JUnitReportReporter -->
<testsuite hostname="DESKTOP-D0P530N" failures="0" tests="1" name="FlightBooking" time="22.514" errors="0" timestamp="2021-12-11T11:04:48 IST" skipped="0">
  <testcase classname="FlightBooking" name="date" time="22.514"/>
  <system-out/>
</testsuite> <!-- FlightBooking -->
